<?xml version="1.0" encoding="UTF-8"?>
<!-- Generated by org.testng.reporters.JUnitReportReporter -->
<testsuite hostname="Dexters-MacBook-Air.local" failures="0" tests="1" name="testng102.NewTest4" time="0.019" errors="0" timestamp="02 Jun 2024 00:43:53 GMT" skipped="0">
  <testcase classname="testng102.NewTest4" name="secondTest" time="0.019"/>
</testsuite> <!-- testng102.NewTest4 -->
