<?xml version="1.0" encoding="UTF-8"?>
<!-- Generated by org.testng.reporters.JUnitReportReporter -->
<testsuite hostname="Dexters-MacBook-Air.local" failures="0" tests="2" name="testng102.Enabled" time="3.123" errors="0" timestamp="02 Jun 2024 19:22:56 GMT" skipped="1">
  <testcase classname="testng102.Enabled" name="enterPassword" time="3.123"/>
  <testcase classname="testng102.Enabled" name="enterEmail">
    <skipped/>
  </testcase> <!-- enterEmail -->
</testsuite> <!-- testng102.Enabled -->
