<?xml version="1.0" encoding="UTF-8"?>
<!-- Generated by org.testng.reporters.JUnitReportReporter -->
<testsuite hostname="Dexters-MacBook-Air.local" failures="0" tests="1" name="testng102.parameters101" time="23.061" errors="0" timestamp="02 Jun 2024 16:07:27 GMT" skipped="0">
  <testcase classname="testng102.parameters101" name="signin" time="23.061"/>
</testsuite> <!-- testng102.parameters101 -->
