<?xml version="1.0" encoding="UTF-8"?>
<!-- Generated by org.testng.reporters.JUnitReportReporter -->
<testsuite hostname="Dexters-MacBook-Air.local" failures="0" tests="2" name="testng102.NewTest" time="0.010" errors="0" timestamp="02 Jun 2024 00:43:53 GMT" skipped="0">
  <testcase classname="testng102.NewTest" name="firstTest" time="0.002"/>
  <testcase classname="testng102.NewTest" name="secondTest" time="0.008"/>
</testsuite> <!-- testng102.NewTest -->
