<?xml version="1.0" encoding="UTF-8"?>
<!-- Generated by org.testng.reporters.JUnitReportReporter -->
<testsuite hostname="Dexters-MacBook-Air.local" failures="0" tests="1" name="Section12_Parameterising.Login2" time="12.884" errors="0" timestamp="04 Jun 2024 00:07:02 GMT" skipped="0">
  <testcase classname="Section12_Parameterising.Login2" name="signin" time="12.884"/>
</testsuite> <!-- Section12_Parameterising.Login2 -->
