<?xml version="1.0" encoding="UTF-8"?>
<!-- Generated by org.testng.reporters.JUnitReportReporter -->
<testsuite hostname="Dexters-MacBook-Air.local" failures="0" tests="1" name="Section12_Parameterising.Login5" time="32.681" errors="0" timestamp="04 Jun 2024 01:12:44 GMT" skipped="0">
  <testcase classname="Section12_Parameterising.Login5" name="signin" time="32.681"/>
</testsuite> <!-- Section12_Parameterising.Login5 -->
