<?xml version="1.0" encoding="UTF-8"?>
<!-- Generated by org.testng.reporters.JUnitReportReporter -->
<testsuite hostname="Dexters-MacBook-Air.local" failures="0" tests="2" name="testng102.NewTest3" time="0.005" errors="0" timestamp="02 Jun 2024 00:43:53 GMT" skipped="0">
  <testcase classname="testng102.NewTest3" name="secondTest" time="0.003"/>
  <testcase classname="testng102.NewTest3" name="firstTest" time="0.002"/>
</testsuite> <!-- testng102.NewTest3 -->
