<?xml version="1.0" encoding="UTF-8"?>
<!-- Generated by org.testng.reporters.JUnitReportReporter -->
<testsuite hostname="Dexters-MacBook-Air.local" failures="0" tests="1" name="Section12_Parameterising.Login" time="11.821" errors="0" timestamp="03 Jun 2024 23:45:41 GMT" skipped="0">
  <testcase classname="Section12_Parameterising.Login" name="signin" time="11.821"/>
</testsuite> <!-- Section12_Parameterising.Login -->
