<?xml version="1.0" encoding="UTF-8"?>
<!-- Generated by org.testng.reporters.JUnitReportReporter -->
<testsuite hostname="Dexters-MacBook-Air.local" failures="0" tests="2" name="testng102.NewTest6" time="0.007" errors="0" timestamp="02 Jun 2024 15:49:58 GMT" skipped="0">
  <testcase classname="testng102.NewTest6" name="secondTest" time="0.002"/>
  <testcase classname="testng102.NewTest6" name="firstTest" time="0.005"/>
</testsuite> <!-- testng102.NewTest6 -->
