<?xml version="1.0" encoding="UTF-8"?>
<!-- Generated by org.testng.reporters.JUnitReportReporter -->
<testsuite hostname="Dexters-MacBook-Air.local" failures="0" tests="1" name="testng102.beforeMethod" time="31.442" errors="0" timestamp="02 Jun 2024 13:45:20 GMT" skipped="0">
  <testcase classname="testng102.beforeMethod" name="clickClothes" time="31.442"/>
</testsuite> <!-- testng102.beforeMethod -->
