<?xml version="1.0" encoding="UTF-8"?>
<!-- Generated by org.testng.reporters.JUnitReportReporter -->
<testsuite hostname="Dexters-MacBook-Air.local" failures="0" tests="1" name="Section12_Parameterising.Login4" time="37.072" errors="0" timestamp="04 Jun 2024 00:49:11 GMT" skipped="0">
  <testcase classname="Section12_Parameterising.Login4" name="signin" time="37.072"/>
</testsuite> <!-- Section12_Parameterising.Login4 -->
