<?xml version="1.0" encoding="UTF-8"?>
<!-- Generated by org.testng.reporters.JUnitReportReporter -->
<testsuite hostname="Dexters-MacBook-Air.local" failures="0" tests="1" name="Section12_Parameterising.Login3" time="34.916" errors="0" timestamp="04 Jun 2024 00:49:11 GMT" skipped="0">
  <testcase classname="Section12_Parameterising.Login3" name="signin" time="34.916"/>
</testsuite> <!-- Section12_Parameterising.Login3 -->
