<?xml version="1.0" encoding="UTF-8"?>
<!-- Generated by org.testng.reporters.JUnitReportReporter -->
<testsuite hostname="Dexters-MacBook-Air.local" failures="0" tests="1" name="testng102.Annotations" time="3.318" errors="0" timestamp="02 Jun 2024 02:15:07 GMT" skipped="0">
  <testcase classname="testng102.Annotations" name="openWebsite" time="3.318"/>
</testsuite> <!-- testng102.Annotations -->
