<?xml version="1.0" encoding="UTF-8"?>
<!-- Generated by org.testng.reporters.JUnitReportReporter -->
<testsuite hostname="Dexters-MacBook-Air.local" failures="0" tests="3" name="testng102.DependsOnMethod" time="15.333" errors="0" timestamp="02 Jun 2024 19:18:48 GMT" skipped="0">
  <testcase classname="testng102.DependsOnMethod" name="enterPassword" time="3.285"/>
  <testcase classname="testng102.DependsOnMethod" name="enterEmail" time="3.209"/>
  <testcase classname="testng102.DependsOnMethod" name="clickSignIn" time="8.839"/>
</testsuite> <!-- testng102.DependsOnMethod -->
